Using pre-set license
Built from '2021.2/release' branch; Version is '2021.2.0f1 (4bf1ec4b23c9) revision 4977132'; Using compiler version '192829333'; Build Type 'Release'
OS: 'Windows 10 Pro; OS build 19045.3324; Version 2009; 64bit' Language: 'en' Physical Memory: 65206 MB
BatchMode: 1, IsHumanControllingUs: 0, StartBugReporterOnCrash: 0, Is64bit: 1, IsPro: 0

COMMAND LINE ARGUMENTS:
C:\Program Files\Unity\Hub\Editor\2021.2.0f1\Editor\Unity.exe
-adb2
-batchMode
-noUpm
-name
AssetImportWorker0
-projectPath
D:/YandexDisk/prj/Jams/Hakatonya2023/hakatonya/Hakatonya2023
-logFile
Logs/AssetImportWorker0.log
-srvPort
49272
Successfully changed project path to: D:/YandexDisk/prj/Jams/Hakatonya2023/hakatonya/Hakatonya2023
D:/YandexDisk/prj/Jams/Hakatonya2023/hakatonya/Hakatonya2023
[UnityMemory] Configuration Parameters - Can be set up in boot.config
    "memorysetup-bucket-allocator-granularity=16"
    "memorysetup-bucket-allocator-bucket-count=8"
    "memorysetup-bucket-allocator-block-size=33554432"
    "memorysetup-bucket-allocator-block-count=8"
    "memorysetup-main-allocator-block-size=16777216"
    "memorysetup-thread-allocator-block-size=16777216"
    "memorysetup-gfx-main-allocator-block-size=16777216"
    "memorysetup-gfx-thread-allocator-block-size=16777216"
    "memorysetup-cache-allocator-block-size=4194304"
    "memorysetup-typetree-allocator-block-size=2097152"
    "memorysetup-profiler-bucket-allocator-granularity=16"
    "memorysetup-profiler-bucket-allocator-bucket-count=8"
    "memorysetup-profiler-bucket-allocator-block-size=33554432"
    "memorysetup-profiler-bucket-allocator-block-count=8"
    "memorysetup-profiler-allocator-block-size=16777216"
    "memorysetup-profiler-editor-allocator-block-size=1048576"
    "memorysetup-temp-allocator-size-main=16777216"
    "memorysetup-job-temp-allocator-block-size=2097152"
    "memorysetup-job-temp-allocator-block-size-background=1048576"
    "memorysetup-job-temp-allocator-reduction-small-platforms=262144"
    "memorysetup-temp-allocator-size-background-worker=32768"
    "memorysetup-temp-allocator-size-job-worker=262144"
    "memorysetup-temp-allocator-size-preload-manager=33554432"
    "memorysetup-temp-allocator-size-nav-mesh-worker=65536"
    "memorysetup-temp-allocator-size-audio-worker=65536"
    "memorysetup-temp-allocator-size-cloud-worker=32768"
    "memorysetup-temp-allocator-size-gi-baking-worker=262144"
    "memorysetup-temp-allocator-size-gfx=262144"
Refreshing native plugins compatible for Editor in 85.10 ms, found 3 plugins.
Preloading 0 native plugins for Editor in 0.00 ms.
Initialize engine version: 2021.2.0f1 (4bf1ec4b23c9)
[Subsystems] Discovering subsystems at path C:/Program Files/Unity/Hub/Editor/2021.2.0f1/Editor/Data/Resources/UnitySubsystems
[Subsystems] Discovering subsystems at path D:/YandexDisk/prj/Jams/Hakatonya2023/hakatonya/Hakatonya2023/Assets
GfxDevice: creating device client; threaded=0; jobified=0
Direct3D:
    Version:  Direct3D 11.0 [level 11.1]
    Renderer: NVIDIA GeForce RTX 3090 (ID=0x2204)
    Vendor:   NVIDIA
    VRAM:     24339 MB
    Driver:   31.0.15.3713
Initialize mono
Mono path[0] = 'C:/Program Files/Unity/Hub/Editor/2021.2.0f1/Editor/Data/Managed'
Mono path[1] = 'C:/Program Files/Unity/Hub/Editor/2021.2.0f1/Editor/Data/MonoBleedingEdge/lib/mono/unityjit-win32'
Mono config path = 'C:/Program Files/Unity/Hub/Editor/2021.2.0f1/Editor/Data/MonoBleedingEdge/etc'
Using monoOptions --debugger-agent=transport=dt_socket,embedding=1,server=y,suspend=n,address=127.0.0.1:56804
Begin MonoManager ReloadAssembly
Registering precompiled unity dll's ...
Register platform support module: C:/Program Files/Unity/Hub/Editor/2021.2.0f1/Editor/Data/PlaybackEngines/WindowsStandaloneSupport/UnityEditor.WindowsStandalone.Extensions.dll
Registered in 0.008348 seconds.
Native extension for WindowsStandalone target not found
Refreshing native plugins compatible for Editor in 88.77 ms, found 3 plugins.
Preloading 0 native plugins for Editor in 0.00 ms.
Mono: successfully reloaded assembly
- Completed reload, in  1.043 seconds
Domain Reload Profiling:
	ReloadAssembly (1044ms)
		BeginReloadAssembly (84ms)
			ExecutionOrderSort (0ms)
			DisableScriptedObjects (0ms)
			BackupInstance (0ms)
			ReleaseScriptingObjects (0ms)
			CreateAndSetChildDomain (1ms)
		EndReloadAssembly (535ms)
			LoadAssemblies (82ms)
			RebuildTransferFunctionScriptingTraits (0ms)
			SetupTypeCache (121ms)
			ReleaseScriptCaches (0ms)
			RebuildScriptCaches (35ms)
			SetupLoadedEditorAssemblies (315ms)
				LogAssemblyErrors (0ms)
				InitializePlatformSupportModulesInManaged (9ms)
				SetLoadedEditorAssemblies (0ms)
				RefreshPlugins (89ms)
				BeforeProcessingInitializeOnLoad (2ms)
				ProcessInitializeOnLoadAttributes (153ms)
				ProcessInitializeOnLoadMethodAttributes (61ms)
				AfterProcessingInitializeOnLoad (0ms)
				EditorAssembliesLoaded (0ms)
			ExecutionOrderSort2 (0ms)
			AwakeInstancesAfterBackupRestoration (0ms)
Platform modules already initialized, skipping
Registering precompiled user dll's ...
Registered in 0.037087 seconds.
Begin MonoManager ReloadAssembly
Symbol file LoadedFromMemory doesn't match image D:\YandexDisk\prj\Jams\Hakatonya2023\hakatonya\Hakatonya2023\Library\PackageCache\com.unity.visualscripting@1.7.2\Editor\VisualScripting.Core\Dependencies\YamlDotNet\Unity.VisualScripting.YamlDotNet.dll
Symbol file LoadedFromMemory doesn't match image D:\YandexDisk\prj\Jams\Hakatonya2023\hakatonya\Hakatonya2023\Library\PackageCache\com.unity.visualscripting@1.7.2\Editor\VisualScripting.Core\Dependencies\DotNetZip\Unity.VisualScripting.IonicZip.dll
Native extension for WindowsStandalone target not found
Refreshing native plugins compatible for Editor in 0.87 ms, found 3 plugins.
Preloading 0 native plugins for Editor in 0.00 ms.
Launched and connected shader compiler UnityShaderCompiler.exe after 0.07 seconds
Mono: successfully reloaded assembly
- Completed reload, in  1.680 seconds
Domain Reload Profiling:
	ReloadAssembly (1681ms)
		BeginReloadAssembly (193ms)
			ExecutionOrderSort (0ms)
			DisableScriptedObjects (8ms)
			BackupInstance (0ms)
			ReleaseScriptingObjects (0ms)
			CreateAndSetChildDomain (25ms)
		EndReloadAssembly (1370ms)
			LoadAssemblies (134ms)
			RebuildTransferFunctionScriptingTraits (0ms)
			SetupTypeCache (261ms)
			ReleaseScriptCaches (1ms)
			RebuildScriptCaches (56ms)
			SetupLoadedEditorAssemblies (820ms)
				LogAssemblyErrors (0ms)
				InitializePlatformSupportModulesInManaged (12ms)
				SetLoadedEditorAssemblies (0ms)
				RefreshPlugins (1ms)
				BeforeProcessingInitializeOnLoad (76ms)
				ProcessInitializeOnLoadAttributes (440ms)
				ProcessInitializeOnLoadMethodAttributes (280ms)
				AfterProcessingInitializeOnLoad (10ms)
				EditorAssembliesLoaded (0ms)
			ExecutionOrderSort2 (0ms)
			AwakeInstancesAfterBackupRestoration (7ms)
Platform modules already initialized, skipping
========================================================================
Worker process is ready to serve import requests
Refreshing native plugins compatible for Editor in 0.85 ms, found 3 plugins.
Preloading 0 native plugins for Editor in 0.00 ms.
Unloading 3089 Unused Serialized files (Serialized files now loaded: 0)
Unloading 34 unused Assets / (57.4 KB). Loaded Objects now: 3601.
Memory consumption went from 113.5 MB to 113.4 MB.
Total: 13.490100 ms (FindLiveObjects: 0.406800 ms CreateObjectMapping: 0.228800 ms MarkObjects: 12.755300 ms  DeleteObjects: 0.098000 ms)

AssetImportParameters requested are different than current active one (requested -> active):
  custom:video-decoder-ogg-theora: a1e56fd34408186e4bbccfd4996cb3dc -> 
  custom:container-muxer-webm: aa71ff27fc2769a1b78a27578f13a17b -> 
  custom:container-demuxer-webm: 4f35f7cbe854078d1ac9338744f61a02 -> 
  custom:video-encoder-webm-vp8: eb34c28f22e8b96e1ab97ce403110664 -> 
  custom:audio-encoder-webm-vorbis: bf7c407c2cedff20999df2af8eb42d56 -> 
  custom:framework-win-MediaFoundation: 216162199b28c13a410421893ffa2e32 -> 
  custom:container-demuxer-ogg: 62fdf1f143b41e24485cea50d1cbac27 -> 
  custom:video-decoder-webm-vp8: 9c59270c3fd7afecdb556c50c9e8de78 -> 
  custom:audio-decoder-ogg-vorbis: bf7c407c2cedff20999df2af8eb42d56 -> 
========================================================================
Received Import Request.
  Time since last request: 448731.729226 seconds.
  path: Assets/Scenes/SampleScene.unity
  artifactKey: Guid(9fc0d4010bbf28b4594072e72b8655ab) Importer(815301076,1909f56bfc062723c751e8b465ee728b)
Start importing Assets/Scenes/SampleScene.unity using Guid(9fc0d4010bbf28b4594072e72b8655ab) Importer(815301076,1909f56bfc062723c751e8b465ee728b)  -> (artifact id: '3cc543865ef8e9a79821693d4970ac2c') in 0.015274 seconds 
========================================================================
Received Import Request.
  Time since last request: 9.148922 seconds.
  path: Assets/Scenes/MainMenu.unity
  artifactKey: Guid(9fc0d4010bbf28b4594072e72b8655ab) Importer(815301076,1909f56bfc062723c751e8b465ee728b)
Start importing Assets/Scenes/MainMenu.unity using Guid(9fc0d4010bbf28b4594072e72b8655ab) Importer(815301076,1909f56bfc062723c751e8b465ee728b)  -> (artifact id: 'a596e97a3ceee1525da5840dd2dd5fed') in 0.001803 seconds 
========================================================================
Received Import Request.
  Time since last request: 20.287497 seconds.
  path: Assets/Prefabs/UI
  artifactKey: Guid(7b02bb4f4767e464d98337f1c6f1b0a2) Importer(815301076,1909f56bfc062723c751e8b465ee728b)
Start importing Assets/Prefabs/UI using Guid(7b02bb4f4767e464d98337f1c6f1b0a2) Importer(815301076,1909f56bfc062723c751e8b465ee728b)  -> (artifact id: '15df20b393ea507c7de77e5a39619a58') in 0.003389 seconds 
========================================================================
Received Import Request.
  Time since last request: 12.233175 seconds.
  path: Assets/Prefabs/UI/HUD.prefab
  artifactKey: Guid(5e2d0ef9258b972428fb7d1af04b8018) Importer(815301076,1909f56bfc062723c751e8b465ee728b)
Start importing Assets/Prefabs/UI/HUD.prefab using Guid(5e2d0ef9258b972428fb7d1af04b8018) Importer(815301076,1909f56bfc062723c751e8b465ee728b)  -> (artifact id: '9b0b1aabf1c57b683c57a002f1bd4f28') in 0.053358 seconds 
========================================================================
Received Import Request.
  Time since last request: 14.633785 seconds.
  path: Assets/Prefabs/UI/MainMenu.prefab
  artifactKey: Guid(a5d628982b383ba4aabd7526b427276f) Importer(815301076,1909f56bfc062723c751e8b465ee728b)
Start importing Assets/Prefabs/UI/MainMenu.prefab using Guid(a5d628982b383ba4aabd7526b427276f) Importer(815301076,1909f56bfc062723c751e8b465ee728b)  -> (artifact id: '3a0b436e168cc8ec00d48d2b1faf213b') in 0.007305 seconds 
========================================================================
Received Import Request.
  Time since last request: 104.855198 seconds.
  path: Assets/Scenes
  artifactKey: Guid(7befc04bf4116104cbb59355f34c8e14) Importer(815301076,1909f56bfc062723c751e8b465ee728b)
Start importing Assets/Scenes using Guid(7befc04bf4116104cbb59355f34c8e14) Importer(815301076,1909f56bfc062723c751e8b465ee728b)  -> (artifact id: '19db603aa4dd43ef77a50a66a580423c') in 0.001424 seconds 
========================================================================
Received Import Request.
  Time since last request: 15.370269 seconds.
  path: Assets/Scenes/2.5Platformer.unity
  artifactKey: Guid(00fddcd142d327b4699a7c1f53f36069) Importer(815301076,1909f56bfc062723c751e8b465ee728b)
Start importing Assets/Scenes/2.5Platformer.unity using Guid(00fddcd142d327b4699a7c1f53f36069) Importer(815301076,1909f56bfc062723c751e8b465ee728b)  -> (artifact id: '08487f9ce7e2a2a28a3f7927104aba2e') in 0.003790 seconds 
========================================================================
Received Import Request.
  Time since last request: 13.844672 seconds.
  path: Assets/Scenes/3rdPerson.unity
  artifactKey: Guid(5452f9ce02cd77a489ded00a2cd32565) Importer(815301076,1909f56bfc062723c751e8b465ee728b)
Start importing Assets/Scenes/3rdPerson.unity using Guid(5452f9ce02cd77a489ded00a2cd32565) Importer(815301076,1909f56bfc062723c751e8b465ee728b)  -> (artifact id: 'cc3876cfda6c5895dec9e303e5f62a6f') in 0.003759 seconds 
========================================================================
Received Import Request.
  Time since last request: 10.643094 seconds.
  path: Assets/Scenes/TopDown.unity
  artifactKey: Guid(c1330ef2aa4a74e4a8e8fc1cb523b954) Importer(815301076,1909f56bfc062723c751e8b465ee728b)
Start importing Assets/Scenes/TopDown.unity using Guid(c1330ef2aa4a74e4a8e8fc1cb523b954) Importer(815301076,1909f56bfc062723c751e8b465ee728b)  -> (artifact id: '1f9ced24b93eec0774a69fdd8c6bf69a') in 0.003558 seconds 
========================================================================
Received Import Request.
  Time since last request: 10.107692 seconds.
  path: Assets/Scenes/Strategy.unity
  artifactKey: Guid(08854d24f3c4fee44b54a5e67566a3a4) Importer(815301076,1909f56bfc062723c751e8b465ee728b)
Start importing Assets/Scenes/Strategy.unity using Guid(08854d24f3c4fee44b54a5e67566a3a4) Importer(815301076,1909f56bfc062723c751e8b465ee728b)  -> (artifact id: '61a24f2c5ed5b5afb5b4cd5ee15a58df') in 0.004825 seconds 
========================================================================
Received Import Request.
  Time since last request: 20.637356 seconds.
  path: Assets/Scenes/CanvasPointnClick.unity
  artifactKey: Guid(0fe5026700f1ffd4a8e61e08c0c4c7cb) Importer(815301076,1909f56bfc062723c751e8b465ee728b)
Start importing Assets/Scenes/CanvasPointnClick.unity using Guid(0fe5026700f1ffd4a8e61e08c0c4c7cb) Importer(815301076,1909f56bfc062723c751e8b465ee728b)  -> (artifact id: '28fd471152b2f5763bd8443295c06230') in 0.002160 seconds 
========================================================================
Received Import Request.
  Time since last request: 12.925791 seconds.
  path: Assets/Scenes/TurnBasedIsometric.unity
  artifactKey: Guid(ecaa093c7ded03340ac61bbe93264e0f) Importer(815301076,1909f56bfc062723c751e8b465ee728b)
Start importing Assets/Scenes/TurnBasedIsometric.unity using Guid(ecaa093c7ded03340ac61bbe93264e0f) Importer(815301076,1909f56bfc062723c751e8b465ee728b)  -> (artifact id: 'eac049200645261968b17b3f14f64f29') in 0.001512 seconds 
========================================================================
Received Import Request.
  Time since last request: 32.260964 seconds.
  path: Assets/Scenes/Loading.unity
  artifactKey: Guid(9eae7dae3d10c3c4db37d7ece2c96e83) Importer(815301076,1909f56bfc062723c751e8b465ee728b)
Start importing Assets/Scenes/Loading.unity using Guid(9eae7dae3d10c3c4db37d7ece2c96e83) Importer(815301076,1909f56bfc062723c751e8b465ee728b)  -> (artifact id: '4c2b89a32af6c1cd38921d15b839950f') in 0.002025 seconds 
